# JRE version: Java(TM) SE Runtime Environment (21.0.9+7) (build 21.0.9+7-LTS-338)
# Java VM: Java HotSpot(TM) 64-Bit Server VM (21.0.9+7-LTS-338, mixed mode, sharing, tiered, compressed oops, compressed class ptrs, g1 gc, windows-amd64)
GC Precious Log:
 CardTable entry size: 512
 Card Set container configuration: InlinePtr #cards 4 size 8 Array Of Cards #cards 16 size 48 Howl #buckets 8 coarsen threshold 3686 Howl Bitmap #cards 512 size 80 coarsen threshold 460 Card regions per heap region 1 cards per card region 4096
 CPUs: 8 total, 8 available
 Memory: 16167M
 Large Page Support: Disabled
 NUMA Support: Disabled
 Compressed Oops: Enabled (Zero based)
 Heap Region Size: 2M
 Heap Min Capacity: 8M
 Heap Initial Capacity: 254M
 Heap Max Capacity: 4042M
 Pre-touch: Disabled
 Parallel Workers: 8
 Concurrent Workers: 2
 Concurrent Refinement Workers: 8
 Periodic GC: Disabled
Heap:
 garbage-first heap   total 778240K, used 703021K [0x0000000703600000, 0x0000000800000000)
  region size 2048K, 143 young (292864K), 6 survivors (12288K)
 Metaspace       used 19550K, committed 19904K, reserved 1114112K
  class space    used 2161K, committed 2368K, reserved 1048576K
GC Heap History (20 events):
Event: 30.525 GC heap before
{Heap before GC invocations=35 (full 0):
 garbage-first heap   total 778240K, used 707804K [0x0000000703600000, 0x0000000800000000)
  region size 2048K, 218 young (446464K), 15 survivors (30720K)
 Metaspace       used 19483K, committed 19840K, reserved 1114112K
  class space    used 2154K, committed 2304K, reserved 1048576K
}
Event: 30.587 GC heap after
{Heap after GC invocations=36 (full 0):
 garbage-first heap   total 778240K, used 326685K [0x0000000703600000, 0x0000000800000000)
  region size 2048K, 28 young (57344K), 28 survivors (57344K)
 Metaspace       used 19483K, committed 19840K, reserved 1114112K
  class space    used 2154K, committed 2304K, reserved 1048576K
}
Event: 37.993 GC heap before
{Heap before GC invocations=36 (full 0):
 garbage-first heap   total 778240K, used 680989K [0x0000000703600000, 0x0000000800000000)
  region size 2048K, 201 young (411648K), 28 survivors (57344K)
 Metaspace       used 19484K, committed 19840K, reserved 1114112K
  class space    used 2154K, committed 2304K, reserved 1048576K
}
Event: 38.033 GC heap after
{Heap after GC invocations=37 (full 0):
 garbage-first heap   total 778240K, used 339968K [0x0000000703600000, 0x0000000800000000)
  region size 2048K, 5 young (10240K), 5 survivors (10240K)
 Metaspace       used 19484K, committed 19840K, reserved 1114112K
  class space    used 2154K, committed 2304K, reserved 1048576K
}
Event: 45.392 GC heap before
{Heap before GC invocations=37 (full 0):
 garbage-first heap   total 778240K, used 727040K [0x0000000703600000, 0x0000000800000000)
  region size 2048K, 195 young (399360K), 5 survivors (10240K)
 Metaspace       used 19493K, committed 19840K, reserved 1114112K
  class space    used 2154K, committed 2304K, reserved 1048576K
}
Event: 45.415 GC heap after
{Heap after GC invocations=38 (full 0):
 garbage-first heap   total 778240K, used 352645K [0x0000000703600000, 0x0000000800000000)
  region size 2048K, 12 young (24576K), 12 survivors (24576K)
 Metaspace       used 19493K, committed 19840K, reserved 1114112K
  class space    used 2154K, committed 2304K, reserved 1048576K
}
Event: 53.893 GC heap before
{Heap before GC invocations=38 (full 0):
 garbage-first heap   total 778240K, used 713093K [0x0000000703600000, 0x0000000800000000)
  region size 2048K, 188 young (385024K), 12 survivors (24576K)
 Metaspace       used 19500K, committed 19840K, reserved 1114112K
  class space    used 2154K, committed 2304K, reserved 1048576K
}
Event: 53.927 GC heap after
{Heap after GC invocations=39 (full 0):
 garbage-first heap   total 778240K, used 372736K [0x0000000703600000, 0x0000000800000000)
  region size 2048K, 21 young (43008K), 21 survivors (43008K)
 Metaspace       used 19500K, committed 19840K, reserved 1114112K
  class space    used 2154K, committed 2304K, reserved 1048576K
}
Event: 61.888 GC heap before
{Heap before GC invocations=39 (full 0):
 garbage-first heap   total 778240K, used 696320K [0x0000000703600000, 0x0000000800000000)
  region size 2048K, 179 young (366592K), 21 survivors (43008K)
 Metaspace       used 19504K, committed 19840K, reserved 1114112K
  class space    used 2154K, committed 2304K, reserved 1048576K
}
Event: 61.920 GC heap after
{Heap after GC invocations=40 (full 0):
 garbage-first heap   total 778240K, used 377943K [0x0000000703600000, 0x0000000800000000)
  region size 2048K, 14 young (28672K), 14 survivors (28672K)
 Metaspace       used 19504K, committed 19840K, reserved 1114112K
  class space    used 2154K, committed 2304K, reserved 1048576K
}
Event: 62.097 GC heap before
{Heap before GC invocations=40 (full 0):
 garbage-first heap   total 778240K, used 382039K [0x0000000703600000, 0x0000000800000000)
  region size 2048K, 17 young (34816K), 14 survivors (28672K)
 Metaspace       used 19504K, committed 19840K, reserved 1114112K
  class space    used 2154K, committed 2304K, reserved 1048576K
}
Event: 62.117 GC heap after
{Heap after GC invocations=41 (full 0):
 garbage-first heap   total 778240K, used 380491K [0x0000000703600000, 0x0000000800000000)
  region size 2048K, 4 young (8192K), 4 survivors (8192K)
 Metaspace       used 19504K, committed 19840K, reserved 1114112K
  class space    used 2154K, committed 2304K, reserved 1048576K
}
Event: 70.213 GC heap before
{Heap before GC invocations=42 (full 0):
 garbage-first heap   total 778240K, used 734795K [0x0000000703600000, 0x0000000800000000)
  region size 2048K, 175 young (358400K), 4 survivors (8192K)
 Metaspace       used 19504K, committed 19840K, reserved 1114112K
  class space    used 2154K, committed 2304K, reserved 1048576K
}
Event: 70.239 GC heap after
{Heap after GC invocations=43 (full 0):
 garbage-first heap   total 778240K, used 402099K [0x0000000703600000, 0x0000000800000000)
  region size 2048K, 13 young (26624K), 13 survivors (26624K)
 Metaspace       used 19504K, committed 19840K, reserved 1114112K
  class space    used 2154K, committed 2304K, reserved 1048576K
}
Event: 77.356 GC heap before
{Heap before GC invocations=43 (full 0):
 garbage-first heap   total 778240K, used 711347K [0x0000000703600000, 0x0000000800000000)
  region size 2048K, 164 young (335872K), 13 survivors (26624K)
 Metaspace       used 19504K, committed 19840K, reserved 1114112K
  class space    used 2154K, committed 2304K, reserved 1048576K
}
Event: 77.392 GC heap after
{Heap after GC invocations=44 (full 0):
 garbage-first heap   total 778240K, used 411512K [0x0000000703600000, 0x0000000800000000)
  region size 2048K, 19 young (38912K), 19 survivors (38912K)
 Metaspace       used 19504K, committed 19840K, reserved 1114112K
  class space    used 2154K, committed 2304K, reserved 1048576K
}
Event: 85.396 GC heap before
{Heap before GC invocations=44 (full 0):
 garbage-first heap   total 778240K, used 698232K [0x0000000703600000, 0x0000000800000000)
  region size 2048K, 159 young (325632K), 19 survivors (38912K)
 Metaspace       used 19504K, committed 19840K, reserved 1114112K
  class space    used 2154K, committed 2304K, reserved 1048576K
}
Event: 85.433 GC heap after
{Heap after GC invocations=45 (full 0):
 garbage-first heap   total 778240K, used 418280K [0x0000000703600000, 0x0000000800000000)
  region size 2048K, 12 young (24576K), 12 survivors (24576K)
 Metaspace       used 19504K, committed 19840K, reserved 1114112K
  class space    used 2154K, committed 2304K, reserved 1048576K
}
Event: 94.941 GC heap before
{Heap before GC invocations=46 (full 0):
 garbage-first heap   total 778240K, used 713192K [0x0000000703600000, 0x0000000800000000)
  region size 2048K, 156 young (319488K), 12 survivors (24576K)
 Metaspace       used 19504K, committed 19840K, reserved 1114112K
  class space    used 2154K, committed 2304K, reserved 1048576K
}
Event: 94.967 GC heap after
{Heap after GC invocations=47 (full 0):
 garbage-first heap   total 778240K, used 424493K [0x0000000703600000, 0x0000000800000000)
  region size 2048K, 6 young (12288K), 6 survivors (12288K)
 Metaspace       used 19504K, committed 19840K, reserved 1114112K
  class space    used 2154K, committed 2304K, reserved 1048576K
}

